ATESA mbar.py output file. Skip to the end for the free energy profile if desired.

~~Mean Value Plot~~
THIS IS NOT YOUR FREE ENERGY PROFILE
This plot should probably be smooth.
Otherwise, you may have some sampling abnormalities.
See ATESA's documentation for further information.
Reaction coordinate    Mean value
-4.2   -4.185
-4.075   -4.062
-3.95   -3.941
-3.825   -3.819
-3.7   -3.696
-3.575   -3.575
-3.45   -3.440
-3.325   -3.332
-3.2   -3.211
-3.075   -3.071
-2.95   -2.951
-2.825   -2.850
-2.7   -2.700
-2.575   -2.577
-2.45   -2.455
-2.325   -2.378
-2.2   -2.211
-2.075   -2.088
-1.9500000000000002   -1.966
-1.8250000000000002   -1.919
-1.7000000000000002   -1.805
-1.5750000000000002   -1.690
-1.4500000000000002   -1.574
-1.3250000000000002   -1.458
-1.2000000000000002   -1.340
-1.0750000000000002   -1.221
-0.9500000000000002   -1.101
-0.8250000000000002   -0.976
-0.7000000000000002   -0.849
-0.5750000000000002   -0.714
-0.4500000000000002   -0.570
-0.3250000000000002   -0.415
-0.20000000000000018   -0.249
-0.07500000000000018   -0.086
0.04999999999999982   0.074
0.17499999999999982   0.224
0.2999999999999998   0.375
0.4249999999999998   0.518
0.5499999999999998   0.656
0.6749999999999998   0.789
0.7999999999999998   0.918
0.9249999999999998   1.044
1.0499999999999998   1.168
1.1749999999999998   1.291
1.2999999999999998   1.413
1.4249999999999998   1.534
1.5499999999999998   1.656
1.6749999999999998   1.777
1.7999999999999998   1.897
1.9249999999999998   2.017
2.05   2.136
2.175   2.254
2.3   2.372
2.425   2.490
2.55   2.607
2.675   2.725
2.8   2.844
2.925   2.963
3.05   3.082
3.175   3.202
3.3   3.322
3.425   3.444
3.55   3.565
3.675   3.688
3.8   3.810
3.925   3.932
4.05   4.057
4.175   4.179
4.3   4.304
4.425   4.428
4.55   4.553
4.675   4.678
4.8   4.803
4.925   4.926
5.05   5.052
5.175   5.176
5.3   5.300
5.425   5.427
5.55   5.550
5.675   5.676
5.8   5.800
5.925   5.926
6.05   6.050
6.175   6.176
6.3   6.301
6.425   6.426
6.55   6.551
6.675   6.678
6.8   6.804
6.925   6.927
7.05   7.051
7.175   7.176
7.3   7.301
7.425   7.426
7.55   7.550
7.675   7.674
7.8   7.800
7.925   7.924
8.05   8.049
8.175   8.175
8.3   8.300
8.425   8.424
8.55   8.550
8.675   8.674
8.8   8.799
8.925   8.925

~~Sampling Histogram~~
Each pair of lines is bin edges followed by bin heights
-4.364 -4.314 -4.264 -4.214 -4.164 -4.114 -4.064 -4.014 -3.964
19 232 1032 1862 1234 314 43 2

-4.249 -4.199 -4.149 -4.099 -4.049 -3.999 -3.949 -3.899 -3.849
22 210 858 1608 1281 430 77 12

-4.114 -4.064 -4.014 -3.964 -3.914 -3.864 -3.814 -3.764 -3.714
38 342 1273 1922 1175 315 27 1

-4.027 -3.977 -3.927 -3.877 -3.827 -3.777 -3.727 -3.677 -3.627
8 85 616 1509 1841 849 164 20

-3.905 -3.855 -3.805 -3.755 -3.705 -3.655 -3.605 -3.555 -3.505 -3.455
10 72 496 1618 1918 831 171 19 3

-3.767 -3.717 -3.667 -3.617 -3.567 -3.517 -3.467 -3.417 -3.367
20 175 884 1791 1605 583 79 7

-3.659 -3.609 -3.559 -3.509 -3.459 -3.409 -3.359 -3.309 -3.259 -3.209
2 48 370 1386 2035 1162 252 19 2

-3.516 -3.466 -3.416 -3.366 -3.316 -3.266 -3.216 -3.166 -3.116
19 267 1108 2151 1606 438 42 2

-3.396 -3.346 -3.296 -3.246 -3.196 -3.146 -3.096 -3.046 -2.996
18 203 1094 2175 1579 477 57 2

-3.243 -3.193 -3.143 -3.093 -3.043 -2.993 -2.943 -2.893 -2.843
31 358 1381 2032 1182 300 22 1

-3.140 -3.090 -3.040 -2.990 -2.940 -2.890 -2.840 -2.790 -2.740 -2.690
22 216 1029 1983 1656 575 103 8 4

-3.065 -3.015 -2.965 -2.915 -2.865 -2.815 -2.765 -2.715 -2.665
8 69 518 1537 2026 1136 290 21

-2.874 -2.824 -2.774 -2.724 -2.674 -2.624 -2.574 -2.524
33 321 1398 2156 1317 325 27

-2.739 -2.689 -2.639 -2.589 -2.539 -2.489 -2.439 -2.389 -2.339
81 553 1690 2124 1066 201 12 3

-2.631 -2.581 -2.531 -2.481 -2.431 -2.381 -2.331 -2.281 -2.231
44 313 1374 2152 1375 389 34 3

-2.619 -2.569 -2.519 -2.469 -2.419 -2.369 -2.319 -2.269 -2.219 -2.169
2 24 213 987 2013 1729 617 107 3

-2.422 -2.372 -2.322 -2.272 -2.222 -2.172 -2.122 -2.072 -2.022
4 81 563 1701 2094 1012 219 14

-2.269 -2.219 -2.169 -2.119 -2.069 -2.019 -1.969 -1.919 -1.869
33 317 1243 2184 1586 431 60 4

-2.125 -2.075 -2.025 -1.975 -1.925 -1.875 -1.825 -1.775
71 551 1830 2155 917 166 15

-2.094 -2.044 -1.994 -1.944 -1.894 -1.844 -1.794 -1.744 -1.694
38 319 1489 2480 1462 331 33 4

-2.023 -1.973 -1.923 -1.873 -1.823 -1.773 -1.723 -1.673 -1.623
5 45 461 1743 2401 1308 232 37

-1.878 -1.828 -1.778 -1.728 -1.678 -1.628 -1.578 -1.528 -1.478
28 218 1109 2361 1831 546 67 3

-1.741 -1.691 -1.641 -1.591 -1.541 -1.491 -1.441 -1.391
40 433 1744 2502 1300 221 7

-1.632 -1.582 -1.532 -1.482 -1.432 -1.382 -1.332 -1.282 -1.232
41 371 1571 2406 1511 367 31 4

-1.542 -1.492 -1.442 -1.392 -1.342 -1.292 -1.242 -1.192 -1.142 -1.092
10 123 842 2067 2186 910 150 14 1

-1.394 -1.344 -1.294 -1.244 -1.194 -1.144 -1.094 -1.044 -0.994
35 375 1579 2420 1398 327 34 2

-1.276 -1.226 -1.176 -1.126 -1.076 -1.026 -0.976 -0.926 -0.876
42 388 1489 2379 1471 378 52 3

-1.176 -1.126 -1.076 -1.026 -0.976 -0.926 -0.876 -0.826 -0.776 -0.726
4 134 864 2064 2033 845 144 9 1

-1.077 -1.027 -0.977 -0.927 -0.877 -0.827 -0.777 -0.727 -0.677 -0.627
4 40 325 1388 2259 1475 398 60 11

-0.899 -0.849 -0.799 -0.749 -0.699 -0.649 -0.599 -0.549 -0.499
34 304 1130 2034 1602 573 109 7

-0.765 -0.715 -0.665 -0.615 -0.565 -0.515 -0.465 -0.415 -0.365
23 227 903 1781 1671 742 149 14

-0.607 -0.557 -0.507 -0.457 -0.407 -0.357 -0.307 -0.257 -0.207 -0.157
39 268 999 1728 1511 698 149 16 2

-0.478 -0.428 -0.378 -0.328 -0.278 -0.228 -0.178 -0.128 -0.078 -0.028
5 68 437 1247 1695 1297 518 112 13

-0.316 -0.266 -0.216 -0.166 -0.116 -0.066 -0.016 0.034 0.084 0.134
6 51 343 1226 1867 1346 494 75 8

-0.134 -0.084 -0.034 0.016 0.066 0.116 0.166 0.216 0.266 0.316
9 137 670 1641 1814 991 239 21 2

0.012 0.062 0.112 0.162 0.212 0.262 0.312 0.362 0.412 0.462
7 119 617 1556 1921 1125 295 33 1

0.190 0.240 0.290 0.340 0.390 0.440 0.490 0.540 0.590
40 292 1162 2037 1581 558 94 5

0.319 0.369 0.419 0.469 0.519 0.569 0.619 0.669 0.719
10 183 865 1903 1920 818 163 16

0.445 0.495 0.545 0.595 0.645 0.695 0.745 0.795 0.845 0.895 0.945
6 111 683 1744 2113 1109 272 27 2 1

0.617 0.667 0.717 0.767 0.817 0.867 0.917 0.967 1.017
56 416 1557 2469 1443 300 23 2

0.708 0.758 0.808 0.858 0.908 0.958 1.008 1.058 1.108 1.158
12 95 655 1946 2353 1127 210 25 6

0.856 0.906 0.956 1.006 1.056 1.106 1.156 1.206 1.256
14 235 1132 2460 1915 588 86 1

0.981 1.031 1.081 1.131 1.181 1.231 1.281 1.331 1.381
18 246 1253 2470 1985 552 70 3

1.117 1.167 1.217 1.267 1.317 1.367 1.417 1.467 1.517
35 387 1619 2610 1561 355 39 4

1.245 1.295 1.345 1.395 1.445 1.495 1.545 1.595 1.645
47 484 1909 2617 1347 293 24 1

1.352 1.402 1.452 1.502 1.552 1.602 1.652 1.702 1.752
23 315 1382 2529 1940 477 63 2

1.478 1.528 1.578 1.628 1.678 1.728 1.778 1.828
57 412 1587 2504 1739 486 65

1.611 1.661 1.711 1.761 1.811 1.861 1.911 1.961
85 532 1898 2647 1357 264 23

1.709 1.759 1.809 1.859 1.909 1.959 2.009 2.059 2.109
30 232 1199 2595 2022 649 61 16

1.823 1.873 1.923 1.973 2.023 2.073 2.123 2.173 2.223
5 168 1047 2589 2275 668 85 2

1.929 1.979 2.029 2.079 2.129 2.179 2.229 2.279 2.329 2.379
13 86 696 2230 2557 1114 156 13 2

2.078 2.128 2.178 2.228 2.278 2.328 2.378 2.428
32 388 1680 2745 1721 423 45

2.206 2.256 2.306 2.356 2.406 2.456 2.506 2.556 2.606
59 527 1929 2755 1368 263 14 1

2.320 2.370 2.420 2.470 2.520 2.570 2.620 2.670
33 388 1887 2776 1557 280 12

2.421 2.471 2.521 2.571 2.621 2.671 2.721 2.771 2.821
22 274 1346 2728 2086 631 76 2

2.550 2.600 2.650 2.700 2.750 2.800 2.850 2.900
56 432 1685 2705 1694 401 59

2.664 2.714 2.764 2.814 2.864 2.914 2.964 3.014 3.064
18 256 1555 2764 1811 435 34 1

2.794 2.844 2.894 2.944 2.994 3.044 3.094 3.144
42 479 1897 2653 1490 278 16

2.903 2.953 3.003 3.053 3.103 3.153 3.203 3.253 3.303
30 350 1556 2607 1865 439 46 3

2.980 3.030 3.080 3.130 3.180 3.230 3.280 3.330 3.380 3.430
2 52 481 1799 2561 1595 378 49 2

3.123 3.173 3.223 3.273 3.323 3.373 3.423 3.473 3.523
15 115 894 2367 2406 864 125 9

3.255 3.305 3.355 3.405 3.455 3.505 3.555 3.605 3.655
18 239 1254 2490 2054 720 82 3

3.374 3.424 3.474 3.524 3.574 3.624 3.674 3.724 3.774
19 238 1137 2429 2049 741 103 4

3.485 3.535 3.585 3.635 3.685 3.735 3.785 3.835 3.885
11 123 866 2244 2383 961 151 17

3.624 3.674 3.724 3.774 3.824 3.874 3.924 3.974 4.024
17 266 1264 2513 1984 585 54 2

3.764 3.814 3.864 3.914 3.964 4.014 4.064 4.114 4.164
64 513 1792 2501 1465 301 36 1

3.891 3.941 3.991 4.041 4.091 4.141 4.191 4.241
78 557 1901 2515 1271 294 25

4.018 4.068 4.118 4.168 4.218 4.268 4.318 4.368 4.418
74 623 2045 2431 1177 253 12 1

4.114 4.164 4.214 4.264 4.314 4.364 4.414 4.464 4.514
16 228 1182 2422 2110 646 80 3

4.234 4.284 4.334 4.384 4.434 4.484 4.534 4.584 4.634
7 169 978 2354 2152 727 78 2

4.369 4.419 4.469 4.519 4.569 4.619 4.669 4.719 4.769
13 281 1375 2436 1909 522 70 1

4.480 4.530 4.580 4.630 4.680 4.730 4.780 4.830 4.880 4.930
15 161 976 2225 2127 855 112 8 1

4.618 4.668 4.718 4.768 4.818 4.868 4.918 4.968 5.018 5.068
25 254 1293 2471 1886 550 53 1 1

4.755 4.805 4.855 4.905 4.955 5.005 5.055 5.105 5.155
43 417 1687 2562 1466 305 31 2

4.859 4.909 4.959 5.009 5.059 5.109 5.159 5.209 5.259 5.309
20 166 1027 2302 2139 670 75 4 1

4.957 5.007 5.057 5.107 5.157 5.207 5.257 5.307 5.357 5.407
6 57 443 1658 2481 1434 294 23 2

5.103 5.153 5.203 5.253 5.303 5.353 5.403 5.453 5.503
20 199 953 2306 2149 818 161 16

5.231 5.281 5.331 5.381 5.431 5.481 5.531 5.581 5.631
12 177 980 2220 2116 804 111 7

5.306 5.356 5.406 5.456 5.506 5.556 5.606 5.656 5.706 5.756 5.806
2 17 201 959 2303 1953 759 112 3 2

5.503 5.553 5.603 5.653 5.703 5.753 5.803 5.853 5.903
31 397 1633 2330 1446 356 20 1

5.633 5.683 5.733 5.783 5.833 5.883 5.933 5.983 6.033
50 454 1762 2354 1305 271 14 1

5.703 5.753 5.803 5.853 5.903 5.953 6.003 6.053 6.103
3 43 422 1619 2432 1466 396 32

5.839 5.889 5.939 5.989 6.039 6.089 6.139 6.189 6.239 6.289
7 104 665 1879 2346 1150 262 26 1

5.978 6.028 6.078 6.128 6.178 6.228 6.278 6.328 6.378 6.428
14 155 923 2156 2045 815 140 7 1

6.126 6.176 6.226 6.276 6.326 6.376 6.426 6.476
38 345 1522 2417 1455 338 34

6.225 6.275 6.325 6.375 6.425 6.475 6.525 6.575 6.625
9 137 832 2113 2145 850 135 7

6.365 6.415 6.465 6.515 6.565 6.615 6.665 6.715 6.765
14 226 1210 2347 1792 523 61 2

6.473 6.523 6.573 6.623 6.673 6.723 6.773 6.823 6.873
6 111 694 1802 2032 938 152 8

6.632 6.682 6.732 6.782 6.832 6.882 6.932 6.982
34 383 1486 2240 1293 308 34

6.758 6.808 6.858 6.908 6.958 7.008 7.058 7.108 7.158
45 484 1540 2298 1220 277 25 1

6.875 6.925 6.975 7.025 7.075 7.125 7.175 7.225 7.275
33 355 1355 2195 1450 386 44 2

7.000 7.050 7.100 7.150 7.200 7.250 7.300 7.350
33 389 1362 2162 1428 399 39

7.110 7.160 7.210 7.260 7.310 7.360 7.410 7.460 7.510
11 149 987 2156 1691 555 84 8

7.240 7.290 7.340 7.390 7.440 7.490 7.540 7.590 7.640
27 233 1160 2319 1744 512 66 4

7.378 7.428 7.478 7.528 7.578 7.628 7.678 7.728
32 376 1424 2145 1257 296 27

7.483 7.533 7.583 7.633 7.683 7.733 7.783 7.833 7.883
11 174 984 1933 1687 582 90 3

7.621 7.671 7.721 7.771 7.821 7.871 7.921 7.971 8.021
47 376 1460 2335 1655 496 64 1

7.742 7.792 7.842 7.892 7.942 7.992 8.042 8.092 8.142
24 285 1178 2081 1566 439 50 2

7.865 7.915 7.965 8.015 8.065 8.115 8.165 8.215 8.265
22 269 1240 2304 1825 480 56 1

7.982 8.032 8.082 8.132 8.182 8.232 8.282 8.332 8.382 8.432
29 200 951 2144 1926 651 120 12 1

8.115 8.165 8.215 8.265 8.315 8.365 8.415 8.465 8.515 8.565
20 213 1142 2174 1714 444 59 3 1

8.197 8.247 8.297 8.347 8.397 8.447 8.497 8.547 8.597 8.647
4 31 309 1393 2312 1434 362 36 7

8.375 8.425 8.475 8.525 8.575 8.625 8.675 8.725 8.775
37 332 1380 2357 1408 373 27 2

8.475 8.525 8.575 8.625 8.675 8.725 8.775 8.825 8.875 8.925 8.975
4 121 802 1995 1972 765 90 6 1 1

8.616 8.666 8.716 8.766 8.816 8.866 8.916 8.966 9.016 9.066
21 231 1221 2253 1608 414 48 5 1

8.717 8.767 8.817 8.867 8.917 8.967 9.017 9.067 9.117
4 93 616 1840 2115 928 171 14

Final results. This analysis was based on the pyMBAR package. If you publish work based on this output, please cite:
Shirts MR and Chodera JD. Statistically optimal analysis of samples from multiple equilibrium states. J. Chem. Phys. 129:124105 (2008). DOI: 10.1063/1.2978177

Since this run also included the "decorr" option, you also need to cite:
Chodera JD. A simple method for automated equilibration detection in molecular simulations. J. Chem. Theor. Comput. 12:1799, 2016. DOI: 10.1021/acs.jctc.5b00784

~~Free Energy Profile~~
Reaction coordinate    Free energy (kcal/mol)    Error (kcal/mol)
-4.159    10.364    0.171
-4.076    10.471    0.170
-3.994    10.260    0.169
-3.911    10.071    0.169
-3.829    9.978    0.168
-3.746    9.881    0.167
-3.663    9.807    0.167
-3.581    9.814    0.166
-3.498    9.781    0.165
-3.416    9.572    0.164
-3.333    9.581    0.164
-3.251    9.742    0.163
-3.168    9.953    0.162
-3.086    9.940    0.162
-3.003    9.911    0.161
-2.921    9.925    0.160
-2.838    10.218    0.160
-2.755    10.535    0.159
-2.673    10.491    0.158
-2.590    10.511    0.157
-2.508    10.573    0.157
-2.425    10.678    0.156
-2.343    11.409    0.155
-2.260    12.077    0.154
-2.178    12.210    0.154
-2.095    12.396    0.153
-2.013    12.591    0.152
-1.930    12.993    0.152
-1.847    14.495    0.151
-1.765    16.192    0.150
-1.682    18.017    0.150
-1.600    19.969    0.149
-1.517    22.005    0.149
-1.435    24.158    0.148
-1.352    26.435    0.147
-1.270    28.743    0.147
-1.187    31.102    0.146
-1.104    33.573    0.145
-1.022    36.067    0.145
-0.939    38.580    0.144
-0.857    41.057    0.143
-0.774    43.533    0.142
-0.692    45.867    0.142
-0.609    48.138    0.141
-0.527    50.127    0.140
-0.444    51.947    0.139
-0.362    53.446    0.138
-0.279    54.617    0.137
-0.196    55.435    0.136
-0.114    55.816    0.135
-0.031    55.995    0.134
0.051    55.773    0.133
0.134    55.332    0.132
0.216    54.623    0.132
0.299    53.689    0.131
0.381    52.489    0.130
0.464    51.124    0.129
0.546    49.573    0.128
0.629    47.906    0.128
0.712    46.116    0.127
0.794    44.165    0.126
0.877    42.287    0.125
0.959    40.367    0.124
1.042    38.361    0.124
1.124    36.415    0.123
1.207    34.480    0.122
1.289    32.533    0.121
1.372    30.635    0.120
1.454    28.810    0.120
1.537    26.951    0.119
1.620    25.232    0.118
1.702    23.487    0.117
1.785    21.767    0.117
1.867    20.134    0.116
1.950    18.558    0.115
2.032    17.012    0.114
2.115    15.549    0.113
2.197    14.202    0.112
2.280    12.901    0.112
2.362    11.617    0.111
2.445    10.462    0.110
2.528    9.419    0.109
2.610    8.449    0.108
2.693    7.569    0.108
2.775    6.747    0.107
2.858    5.990    0.106
2.940    5.320    0.105
3.023    4.749    0.104
3.105    4.196    0.103
3.188    3.759    0.102
3.271    3.300    0.101
3.353    2.920    0.101
3.436    2.602    0.100
3.518    2.317    0.099
3.601    2.068    0.098
3.683    1.815    0.097
3.766    1.638    0.096
3.848    1.458    0.095
3.931    1.337    0.094
4.013    1.232    0.093
4.096    1.113    0.092
4.179    1.010    0.091
4.261    0.979    0.090
4.344    0.901    0.089
4.426    0.818    0.088
4.509    0.806    0.087
4.591    0.765    0.086
4.674    0.720    0.085
4.756    0.669    0.083
4.839    0.623    0.082
4.921    0.562    0.081
5.004    0.581    0.080
5.087    0.520    0.079
5.169    0.507    0.077
5.252    0.518    0.076
5.334    0.515    0.075
5.417    0.473    0.074
5.499    0.467    0.072
5.582    0.444    0.071
5.664    0.428    0.069
5.747    0.422    0.068
5.829    0.399    0.067
5.912    0.420    0.065
5.995    0.429    0.063
6.077    0.420    0.062
6.160    0.400    0.060
6.242    0.382    0.059
6.325    0.341    0.057
6.407    0.364    0.055
6.490    0.341    0.053
6.572    0.309    0.051
6.655    0.311    0.049
6.737    0.251    0.047
6.820    0.172    0.045
6.903    0.141    0.042
6.985    0.134    0.039
7.068    0.091    0.037
7.150    0.098    0.034
7.233    0.059    0.030
7.315    0.030    0.027
7.398    0.021    0.022
7.480    0.022    0.017
7.563    0.000    0.000
7.646    0.032    0.018
7.728    0.056    0.022
7.811    0.066    0.027
7.893    0.074    0.030
7.976    0.070    0.034
8.058    0.065    0.037
8.141    0.129    0.040
8.223    0.126    0.042
8.306    0.093    0.045
8.388    0.114    0.047
8.471    0.139    0.049
8.554    0.113    0.051
8.636    0.138    0.053
8.719    0.152    0.055
8.801    0.147    0.057
8.884    0.184    0.059
